<?xml version="1.0" encoding="UTF-8"?>
<!-- Generated by org.testng.reporters.JUnitReportReporter -->
<testsuite skipped="0" hostname="DESKTOP-MBPDT8U" name="com.datadriver.framework.test.LoginTest" tests="1" failures="0" timestamp="2019-10-28T17:03:18 EET" time="15.753" errors="0">
  <testcase name="testOne" time="15.753" classname="com.datadriver.framework.test.LoginTest"/>
</testsuite> <!-- com.datadriver.framework.test.LoginTest -->
